Arguments: 
  C:\Program Files\nodejs\node.exe C:\Windows\System32\node_modules\yarn\bin\yarn.js init --y

PATH: 
  C:\Users\0735\bin;C:\Users\0735\AppData\Local\Programs\Git\mingw64\bin;C:\Users\0735\AppData\Local\Programs\Git\usr\local\bin;C:\Users\0735\AppData\Local\Programs\Git\usr\bin;C:\Users\0735\AppData\Local\Programs\Git\usr\bin;C:\Users\0735\AppData\Local\Programs\Git\mingw64\bin;C:\Users\0735\AppData\Local\Programs\Git\usr\bin;C:\Users\0735\bin;C:\ProgramData\Miniconda3;C:\ProgramData\Miniconda3\Library\mingw-w64\bin;C:\ProgramData\Miniconda3\Library\usr\bin;C:\ProgramData\Miniconda3\Library\bin;C:\ProgramData\Miniconda3\Scripts;C:\Windows\system32;C:\Windows;C:\Windows\System32\Wbem;C:\Windows\System32\WindowsPowerShell\v1.0;C:\Windows\System32\OpenSSH;C:\Program Files\Microsoft SQL Server\120\Tools\Binn;C:\Program Files\Common Files\Autodesk Shared;C:\Program Files\dotnet;C:\Program Files\PCL 1.8.1\bin;C:\Program Files\Point Grey Research\Ladybug\bin64;C:\Program Files\nodejs;C:\Windows\System32\node_modules\.bin;C:\Program Files (x86)\Windows Kits\10\Windows Performance Toolkit;C:\Program Files\Microsoft SQL Server\150\Tools\Binn;C:\Program Files\Microsoft SQL Server\Client SDK\ODBC\170\Tools\Binn;C:\Users\0735\AppData\Local\Programs\Python\Python312\Scripts;C:\Users\0735\AppData\Local\Programs\Python\Python312;C:\Users\0735\AppData\Local\Microsoft\WindowsApps;C:\Users\0735\AppData\Local\Programs\Microsoft VS Code\bin;C:\Users\0735\AppData\Local\Programs\Git\cmd;C:\Users\0735\AppData\Roaming\npm;C:\Users\0735\AppData\Local\Programs\Git\usr\bin\vendor_perl;C:\Users\0735\AppData\Local\Programs\Git\usr\bin\core_perl

Yarn version: 
  1.22.19

Node version: 
  20.9.0

Platform: 
  win32 x64

Trace: 
  Error: canceled
      at Interface.<anonymous> (C:\Windows\System32\node_modules\yarn\lib\cli.js:137150:13)
      at Interface.emit (node:events:514:28)
      at [_ttyWrite] [as _ttyWrite] (node:internal/readline/interface:1125:18)
      at ReadStream.onkeypress (node:internal/readline/interface:264:20)
      at ReadStream.emit (node:events:514:28)
      at emitKeys (node:internal/readline/utils:371:14)
      at emitKeys.next (<anonymous>)
      at ReadStream.onData (node:internal/readline/emitKeypressEvents:64:36)
      at ReadStream.emit (node:events:514:28)
      at addChunk (node:internal/streams/readable:376:12)

npm manifest: 
  No manifest

yarn manifest: 
  No manifest

Lockfile: 
  No lockfile
